<?xml version="1.0" encoding="UTF-8"?>
<robot generator="Robot 7.3.2 (Python 3.13.7 on win32)" generated="2025-09-15T14:26:47.041045" rpa="false" schemaversion="5">
<suite id="s1" name="Logininvalid" source="C:\lab10\test\logininvalid.robot">
<test id="s1-t1" name="Empty First Name" line="6">
<kw name="Open Register Page" owner="resource">
<kw name="Open Browser" owner="SeleniumLibrary">
<msg time="2025-09-15T14:26:47.281459" level="INFO">Opening browser 'Firefox' to base url 'file:///C:/lab10/Registration.html'.</msg>
<arg>${REGISTER PAGE}</arg>
<arg>${BROWSER}</arg>
<doc>Opens a new browser instance to the optional ``url``.</doc>
<status status="PASS" start="2025-09-15T14:26:47.281237" elapsed="5.188367"/>
</kw>
<status status="PASS" start="2025-09-15T14:26:47.280626" elapsed="5.189129"/>
</kw>
<kw name="Input Last Name" owner="resource">
<kw name="Input Text" owner="SeleniumLibrary">
<msg time="2025-09-15T14:26:52.470702" level="INFO">Typing text 'Sodsai' into text field 'id:lastname'.</msg>
<arg>id:lastname</arg>
<arg>${lastname}</arg>
<doc>Types the given ``text`` into the text field identified by ``locator``.</doc>
<status status="PASS" start="2025-09-15T14:26:52.470392" elapsed="0.096676"/>
</kw>
<arg>Sodsai</arg>
<status status="PASS" start="2025-09-15T14:26:52.470091" elapsed="0.097107"/>
</kw>
<kw name="Input Organization" owner="resource">
<kw name="Input Text" owner="SeleniumLibrary">
<msg time="2025-09-15T14:26:52.568053" level="INFO">Typing text 'CS KKU' into text field 'id:organization'.</msg>
<arg>id:organization</arg>
<arg>${organization}</arg>
<doc>Types the given ``text`` into the text field identified by ``locator``.</doc>
<status status="PASS" start="2025-09-15T14:26:52.567864" elapsed="0.015635"/>
</kw>
<arg>CS KKU</arg>
<status status="PASS" start="2025-09-15T14:26:52.567558" elapsed="0.016057"/>
</kw>
<kw name="Input Email" owner="resource">
<kw name="Input Text" owner="SeleniumLibrary">
<msg time="2025-09-15T14:26:52.584336" level="INFO">Typing text 'somsri@kkumail.com' into text field 'id:email'.</msg>
<arg>id:email</arg>
<arg>${email}</arg>
<doc>Types the given ``text`` into the text field identified by ``locator``.</doc>
<status status="PASS" start="2025-09-15T14:26:52.584167" elapsed="0.018435"/>
</kw>
<arg>somsri@kkumail.com</arg>
<status status="PASS" start="2025-09-15T14:26:52.583916" elapsed="0.018793"/>
</kw>
<kw name="Input Phone Number" owner="resource">
<kw name="Input Text" owner="SeleniumLibrary">
<msg time="2025-09-15T14:26:52.603493" level="INFO">Typing text '081-001-1234' into text field 'id:phone'.</msg>
<arg>id:phone</arg>
<arg>${phone}</arg>
<doc>Types the given ``text`` into the text field identified by ``locator``.</doc>
<status status="PASS" start="2025-09-15T14:26:52.603323" elapsed="0.010557"/>
</kw>
<arg>081-001-1234</arg>
<status status="PASS" start="2025-09-15T14:26:52.603032" elapsed="0.011121"/>
</kw>
<kw name="Click Register Button" owner="resource">
<kw name="Click Button" owner="SeleniumLibrary">
<msg time="2025-09-15T14:26:52.616965" level="INFO">Clicking button 'id:registerButton'.</msg>
<arg>id:registerButton</arg>
<doc>Clicks the button identified by ``locator``.</doc>
<status status="PASS" start="2025-09-15T14:26:52.616529" elapsed="0.085949"/>
</kw>
<status status="PASS" start="2025-09-15T14:26:52.614888" elapsed="0.087701"/>
</kw>
<kw name="Element Text Should Be" owner="SeleniumLibrary">
<msg time="2025-09-15T14:26:52.703106" level="INFO">Verifying element 'id:errors' contains exact text '*Please enter your first name!!'.</msg>
<arg>id:errors</arg>
<arg>*Please enter your first name!!</arg>
<doc>Verifies that element ``locator`` contains exact the text ``expected``.</doc>
<status status="PASS" start="2025-09-15T14:26:52.702901" elapsed="0.009373"/>
</kw>
<kw name="Close Browser" owner="SeleniumLibrary">
<doc>Closes the current browser.</doc>
<status status="PASS" start="2025-09-15T14:26:52.712628" elapsed="2.688396"/>
</kw>
<status status="PASS" start="2025-09-15T14:26:47.279570" elapsed="8.122582"/>
</test>
<test id="s1-t2" name="Empty Last Name" line="16">
<kw name="Open Register Page" owner="resource">
<kw name="Open Browser" owner="SeleniumLibrary">
<msg time="2025-09-15T14:26:55.408820" level="INFO">Opening browser 'Firefox' to base url 'file:///C:/lab10/Registration.html'.</msg>
<arg>${REGISTER PAGE}</arg>
<arg>${BROWSER}</arg>
<doc>Opens a new browser instance to the optional ``url``.</doc>
<status status="PASS" start="2025-09-15T14:26:55.407979" elapsed="5.088773"/>
</kw>
<status status="PASS" start="2025-09-15T14:26:55.406923" elapsed="5.089967"/>
</kw>
<kw name="Input First Name" owner="resource">
<kw name="Input Text" owner="SeleniumLibrary">
<msg time="2025-09-15T14:27:00.497749" level="INFO">Typing text 'Somsri' into text field 'id:firstname'.</msg>
<arg>id:firstname</arg>
<arg>${firstname}</arg>
<doc>Types the given ``text`` into the text field identified by ``locator``.</doc>
<status status="PASS" start="2025-09-15T14:27:00.497537" elapsed="0.085144"/>
</kw>
<arg>Somsri</arg>
<status status="PASS" start="2025-09-15T14:27:00.497209" elapsed="0.085585"/>
</kw>
<kw name="Input Organization" owner="resource">
<kw name="Input Text" owner="SeleniumLibrary">
<msg time="2025-09-15T14:27:00.583638" level="INFO">Typing text 'CS KKU' into text field 'id:organization'.</msg>
<arg>id:organization</arg>
<arg>${organization}</arg>
<doc>Types the given ``text`` into the text field identified by ``locator``.</doc>
<status status="PASS" start="2025-09-15T14:27:00.583454" elapsed="0.018022"/>
</kw>
<arg>CS KKU</arg>
<status status="PASS" start="2025-09-15T14:27:00.583169" elapsed="0.018430"/>
</kw>
<kw name="Input Email" owner="resource">
<kw name="Input Text" owner="SeleniumLibrary">
<msg time="2025-09-15T14:27:00.602592" level="INFO">Typing text 'somsri@kkumail.com' into text field 'id:email'.</msg>
<arg>id:email</arg>
<arg>${email}</arg>
<doc>Types the given ``text`` into the text field identified by ``locator``.</doc>
<status status="PASS" start="2025-09-15T14:27:00.602418" elapsed="0.015488"/>
</kw>
<arg>somsri@kkumail.com</arg>
<status status="PASS" start="2025-09-15T14:27:00.601905" elapsed="0.016108"/>
</kw>
<kw name="Input Phone Number" owner="resource">
<kw name="Input Text" owner="SeleniumLibrary">
<msg time="2025-09-15T14:27:00.618757" level="INFO">Typing text '081-001-1234' into text field 'id:phone'.</msg>
<arg>id:phone</arg>
<arg>${phone}</arg>
<doc>Types the given ``text`` into the text field identified by ``locator``.</doc>
<status status="PASS" start="2025-09-15T14:27:00.618582" elapsed="0.014653"/>
</kw>
<arg>081-001-1234</arg>
<status status="PASS" start="2025-09-15T14:27:00.618346" elapsed="0.015019"/>
</kw>
<kw name="Click Register Button" owner="resource">
<kw name="Click Button" owner="SeleniumLibrary">
<msg time="2025-09-15T14:27:00.634100" level="INFO">Clicking button 'id:registerButton'.</msg>
<arg>id:registerButton</arg>
<doc>Clicks the button identified by ``locator``.</doc>
<status status="PASS" start="2025-09-15T14:27:00.633947" elapsed="0.092347"/>
</kw>
<status status="PASS" start="2025-09-15T14:27:00.633702" elapsed="0.092738"/>
</kw>
<kw name="Element Text Should Be" owner="SeleniumLibrary">
<msg time="2025-09-15T14:27:00.727599" level="INFO">Verifying element 'id:errors' contains exact text '*Please enter your last name!!'.</msg>
<arg>id:errors</arg>
<arg>*Please enter your last name!!</arg>
<doc>Verifies that element ``locator`` contains exact the text ``expected``.</doc>
<status status="PASS" start="2025-09-15T14:27:00.726949" elapsed="0.009286"/>
</kw>
<kw name="Close Browser" owner="SeleniumLibrary">
<doc>Closes the current browser.</doc>
<status status="PASS" start="2025-09-15T14:27:00.736521" elapsed="2.635125"/>
</kw>
<status status="PASS" start="2025-09-15T14:26:55.405329" elapsed="7.966671"/>
</test>
<test id="s1-t3" name="Empty First Name and Last Name" line="26">
<kw name="Open Register Page" owner="resource">
<kw name="Open Browser" owner="SeleniumLibrary">
<msg time="2025-09-15T14:27:03.373823" level="INFO">Opening browser 'Firefox' to base url 'file:///C:/lab10/Registration.html'.</msg>
<arg>${REGISTER PAGE}</arg>
<arg>${BROWSER}</arg>
<doc>Opens a new browser instance to the optional ``url``.</doc>
<status status="PASS" start="2025-09-15T14:27:03.373657" elapsed="5.114411"/>
</kw>
<status status="PASS" start="2025-09-15T14:27:03.373450" elapsed="5.114728"/>
</kw>
<kw name="Input Organization" owner="resource">
<kw name="Input Text" owner="SeleniumLibrary">
<msg time="2025-09-15T14:27:08.489235" level="INFO">Typing text 'CS KKU' into text field 'id:organization'.</msg>
<arg>id:organization</arg>
<arg>${organization}</arg>
<doc>Types the given ``text`` into the text field identified by ``locator``.</doc>
<status status="PASS" start="2025-09-15T14:27:08.488893" elapsed="0.079358"/>
</kw>
<arg>CS KKU</arg>
<status status="PASS" start="2025-09-15T14:27:08.488520" elapsed="0.079881"/>
</kw>
<kw name="Input Email" owner="resource">
<kw name="Input Text" owner="SeleniumLibrary">
<msg time="2025-09-15T14:27:08.569176" level="INFO">Typing text 'somsri@kkumail.com' into text field 'id:email'.</msg>
<arg>id:email</arg>
<arg>${email}</arg>
<doc>Types the given ``text`` into the text field identified by ``locator``.</doc>
<status status="PASS" start="2025-09-15T14:27:08.569001" elapsed="0.016818"/>
</kw>
<arg>somsri@kkumail.com</arg>
<status status="PASS" start="2025-09-15T14:27:08.568726" elapsed="0.017194"/>
</kw>
<kw name="Input Phone Number" owner="resource">
<kw name="Input Text" owner="SeleniumLibrary">
<msg time="2025-09-15T14:27:08.586581" level="INFO">Typing text '081-001-1234' into text field 'id:phone'.</msg>
<arg>id:phone</arg>
<arg>${phone}</arg>
<doc>Types the given ``text`` into the text field identified by ``locator``.</doc>
<status status="PASS" start="2025-09-15T14:27:08.586415" elapsed="0.029101"/>
</kw>
<arg>081-001-1234</arg>
<status status="PASS" start="2025-09-15T14:27:08.586172" elapsed="0.029445"/>
</kw>
<kw name="Click Register Button" owner="resource">
<kw name="Click Button" owner="SeleniumLibrary">
<msg time="2025-09-15T14:27:08.616267" level="INFO">Clicking button 'id:registerButton'.</msg>
<arg>id:registerButton</arg>
<doc>Clicks the button identified by ``locator``.</doc>
<status status="PASS" start="2025-09-15T14:27:08.616126" elapsed="0.090469"/>
</kw>
<status status="PASS" start="2025-09-15T14:27:08.615902" elapsed="0.090803"/>
</kw>
<kw name="Element Text Should Be" owner="SeleniumLibrary">
<msg time="2025-09-15T14:27:08.707259" level="INFO">Verifying element 'id:errors' contains exact text '*Please enter your name!!'.</msg>
<arg>id:errors</arg>
<arg>*Please enter your name!!</arg>
<doc>Verifies that element ``locator`` contains exact the text ``expected``.</doc>
<status status="PASS" start="2025-09-15T14:27:08.707024" elapsed="0.028422"/>
</kw>
<kw name="Close Browser" owner="SeleniumLibrary">
<doc>Closes the current browser.</doc>
<status status="PASS" start="2025-09-15T14:27:08.735740" elapsed="2.721873"/>
</kw>
<status status="PASS" start="2025-09-15T14:27:03.373011" elapsed="8.084910"/>
</test>
<test id="s1-t4" name="Empty Email" line="35">
<kw name="Open Register Page" owner="resource">
<kw name="Open Browser" owner="SeleniumLibrary">
<msg time="2025-09-15T14:27:11.459886" level="INFO">Opening browser 'Firefox' to base url 'file:///C:/lab10/Registration.html'.</msg>
<arg>${REGISTER PAGE}</arg>
<arg>${BROWSER}</arg>
<doc>Opens a new browser instance to the optional ``url``.</doc>
<status status="PASS" start="2025-09-15T14:27:11.459345" elapsed="5.073763"/>
</kw>
<status status="PASS" start="2025-09-15T14:27:11.459122" elapsed="5.074093"/>
</kw>
<kw name="Input First Name" owner="resource">
<kw name="Input Text" owner="SeleniumLibrary">
<msg time="2025-09-15T14:27:16.533991" level="INFO">Typing text 'Somsri' into text field 'id:firstname'.</msg>
<arg>id:firstname</arg>
<arg>${firstname}</arg>
<doc>Types the given ``text`` into the text field identified by ``locator``.</doc>
<status status="PASS" start="2025-09-15T14:27:16.533818" elapsed="0.113233"/>
</kw>
<arg>Somsri</arg>
<status status="PASS" start="2025-09-15T14:27:16.533479" elapsed="0.113690"/>
</kw>
<kw name="Input Last Name" owner="resource">
<kw name="Input Text" owner="SeleniumLibrary">
<msg time="2025-09-15T14:27:16.647973" level="INFO">Typing text 'Sodsai' into text field 'id:lastname'.</msg>
<arg>id:lastname</arg>
<arg>${lastname}</arg>
<doc>Types the given ``text`` into the text field identified by ``locator``.</doc>
<status status="PASS" start="2025-09-15T14:27:16.647805" elapsed="0.023490"/>
</kw>
<arg>Sodsai</arg>
<status status="PASS" start="2025-09-15T14:27:16.647543" elapsed="0.024289"/>
</kw>
<kw name="Input Organization" owner="resource">
<kw name="Input Text" owner="SeleniumLibrary">
<msg time="2025-09-15T14:27:16.672828" level="INFO">Typing text 'CS KKU' into text field 'id:organization'.</msg>
<arg>id:organization</arg>
<arg>${organization}</arg>
<doc>Types the given ``text`` into the text field identified by ``locator``.</doc>
<status status="PASS" start="2025-09-15T14:27:16.672617" elapsed="0.017784"/>
</kw>
<arg>CS KKU</arg>
<status status="PASS" start="2025-09-15T14:27:16.672259" elapsed="0.018257"/>
</kw>
<kw name="Input Phone Number" owner="resource">
<kw name="Input Text" owner="SeleniumLibrary">
<msg time="2025-09-15T14:27:16.691276" level="INFO">Typing text '081-001-1234' into text field 'id:phone'.</msg>
<arg>id:phone</arg>
<arg>${phone}</arg>
<doc>Types the given ``text`` into the text field identified by ``locator``.</doc>
<status status="PASS" start="2025-09-15T14:27:16.691088" elapsed="0.016728"/>
</kw>
<arg>081-001-1234</arg>
<status status="PASS" start="2025-09-15T14:27:16.690820" elapsed="0.017248"/>
</kw>
<kw name="Click Register Button" owner="resource">
<kw name="Click Button" owner="SeleniumLibrary">
<msg time="2025-09-15T14:27:16.709384" level="INFO">Clicking button 'id:registerButton'.</msg>
<arg>id:registerButton</arg>
<doc>Clicks the button identified by ``locator``.</doc>
<status status="PASS" start="2025-09-15T14:27:16.709182" elapsed="0.086193"/>
</kw>
<status status="PASS" start="2025-09-15T14:27:16.708774" elapsed="0.086703"/>
</kw>
<kw name="Element Text Should Be" owner="SeleniumLibrary">
<msg time="2025-09-15T14:27:16.795925" level="INFO">Verifying element 'id:errors' contains exact text '*Please enter your email!!'.</msg>
<arg>id:errors</arg>
<arg>*Please enter your email!!</arg>
<doc>Verifies that element ``locator`` contains exact the text ``expected``.</doc>
<status status="PASS" start="2025-09-15T14:27:16.795743" elapsed="0.044307"/>
</kw>
<kw name="Close Browser" owner="SeleniumLibrary">
<doc>Closes the current browser.</doc>
<status status="PASS" start="2025-09-15T14:27:16.840360" elapsed="2.677018"/>
</kw>
<status status="PASS" start="2025-09-15T14:27:11.458725" elapsed="8.059789"/>
</test>
<test id="s1-t5" name="Empty Phone Number" line="45">
<kw name="Open Register Page" owner="resource">
<kw name="Open Browser" owner="SeleniumLibrary">
<msg time="2025-09-15T14:27:19.525390" level="INFO">Opening browser 'Firefox' to base url 'file:///C:/lab10/Registration.html'.</msg>
<arg>${REGISTER PAGE}</arg>
<arg>${BROWSER}</arg>
<doc>Opens a new browser instance to the optional ``url``.</doc>
<status status="PASS" start="2025-09-15T14:27:19.524562" elapsed="5.247058"/>
</kw>
<status status="PASS" start="2025-09-15T14:27:19.523241" elapsed="5.248487"/>
</kw>
<kw name="Input First Name" owner="resource">
<kw name="Input Text" owner="SeleniumLibrary">
<msg time="2025-09-15T14:27:24.772525" level="INFO">Typing text 'Somsri' into text field 'id:firstname'.</msg>
<arg>id:firstname</arg>
<arg>${firstname}</arg>
<doc>Types the given ``text`` into the text field identified by ``locator``.</doc>
<status status="PASS" start="2025-09-15T14:27:24.772341" elapsed="0.096902"/>
</kw>
<arg>Somsri</arg>
<status status="PASS" start="2025-09-15T14:27:24.772074" elapsed="0.097280"/>
</kw>
<kw name="Input Last Name" owner="resource">
<kw name="Input Text" owner="SeleniumLibrary">
<msg time="2025-09-15T14:27:24.870277" level="INFO">Typing text 'Sodsai' into text field 'id:lastname'.</msg>
<arg>id:lastname</arg>
<arg>${lastname}</arg>
<doc>Types the given ``text`` into the text field identified by ``locator``.</doc>
<status status="PASS" start="2025-09-15T14:27:24.870011" elapsed="0.013960"/>
</kw>
<arg>Sodsai</arg>
<status status="PASS" start="2025-09-15T14:27:24.869726" elapsed="0.014353"/>
</kw>
<kw name="Input Organization" owner="resource">
<kw name="Input Text" owner="SeleniumLibrary">
<msg time="2025-09-15T14:27:24.884937" level="INFO">Typing text 'CS KKU' into text field 'id:organization'.</msg>
<arg>id:organization</arg>
<arg>${organization}</arg>
<doc>Types the given ``text`` into the text field identified by ``locator``.</doc>
<status status="PASS" start="2025-09-15T14:27:24.884619" elapsed="0.011362"/>
</kw>
<arg>CS KKU</arg>
<status status="PASS" start="2025-09-15T14:27:24.884362" elapsed="0.011726"/>
</kw>
<kw name="Input Email" owner="resource">
<kw name="Input Text" owner="SeleniumLibrary">
<msg time="2025-09-15T14:27:24.896754" level="INFO">Typing text 'somsri@kkumail.com' into text field 'id:email'.</msg>
<arg>id:email</arg>
<arg>${email}</arg>
<doc>Types the given ``text`` into the text field identified by ``locator``.</doc>
<status status="PASS" start="2025-09-15T14:27:24.896582" elapsed="0.027283"/>
</kw>
<arg>somsri@kkumail.com</arg>
<status status="PASS" start="2025-09-15T14:27:24.896344" elapsed="0.027630"/>
</kw>
<kw name="Click Register Button" owner="resource">
<kw name="Click Button" owner="SeleniumLibrary">
<msg time="2025-09-15T14:27:24.924625" level="INFO">Clicking button 'id:registerButton'.</msg>
<arg>id:registerButton</arg>
<doc>Clicks the button identified by ``locator``.</doc>
<status status="PASS" start="2025-09-15T14:27:24.924490" elapsed="0.073596"/>
</kw>
<status status="PASS" start="2025-09-15T14:27:24.924266" elapsed="0.073999"/>
</kw>
<kw name="Element Text Should Be" owner="SeleniumLibrary">
<msg time="2025-09-15T14:27:24.999370" level="INFO">Verifying element 'id:errors' contains exact text '*Please enter your phone number!!'.</msg>
<arg>id:errors</arg>
<arg>*Please enter your phone number!!</arg>
<doc>Verifies that element ``locator`` contains exact the text ``expected``.</doc>
<status status="PASS" start="2025-09-15T14:27:24.998865" elapsed="0.011952"/>
</kw>
<kw name="Close Browser" owner="SeleniumLibrary">
<doc>Closes the current browser.</doc>
<status status="PASS" start="2025-09-15T14:27:25.011099" elapsed="2.652357"/>
</kw>
<status status="PASS" start="2025-09-15T14:27:19.521542" elapsed="8.142291"/>
</test>
<test id="s1-t6" name="Invalid Phone Number" line="55">
<kw name="Open Register Page" owner="resource">
<kw name="Open Browser" owner="SeleniumLibrary">
<msg time="2025-09-15T14:27:27.665857" level="INFO">Opening browser 'Firefox' to base url 'file:///C:/lab10/Registration.html'.</msg>
<arg>${REGISTER PAGE}</arg>
<arg>${BROWSER}</arg>
<doc>Opens a new browser instance to the optional ``url``.</doc>
<status status="PASS" start="2025-09-15T14:27:27.665587" elapsed="5.133703"/>
</kw>
<status status="PASS" start="2025-09-15T14:27:27.665263" elapsed="5.134168"/>
</kw>
<kw name="Input First Name" owner="resource">
<kw name="Input Text" owner="SeleniumLibrary">
<msg time="2025-09-15T14:27:32.800437" level="INFO">Typing text 'Somsri' into text field 'id:firstname'.</msg>
<arg>id:firstname</arg>
<arg>${firstname}</arg>
<doc>Types the given ``text`` into the text field identified by ``locator``.</doc>
<status status="PASS" start="2025-09-15T14:27:32.800226" elapsed="0.094335"/>
</kw>
<arg>Somsri</arg>
<status status="PASS" start="2025-09-15T14:27:32.799796" elapsed="0.094911"/>
</kw>
<kw name="Input Last Name" owner="resource">
<kw name="Input Text" owner="SeleniumLibrary">
<msg time="2025-09-15T14:27:32.896619" level="INFO">Typing text 'Sodsai' into text field 'id:lastname'.</msg>
<arg>id:lastname</arg>
<arg>${lastname}</arg>
<doc>Types the given ``text`` into the text field identified by ``locator``.</doc>
<status status="PASS" start="2025-09-15T14:27:32.896225" elapsed="0.019290"/>
</kw>
<arg>Sodsai</arg>
<status status="PASS" start="2025-09-15T14:27:32.895186" elapsed="0.020482"/>
</kw>
<kw name="Input Organization" owner="resource">
<kw name="Input Text" owner="SeleniumLibrary">
<msg time="2025-09-15T14:27:32.916426" level="INFO">Typing text 'CS KKU' into text field 'id:organization'.</msg>
<arg>id:organization</arg>
<arg>${organization}</arg>
<doc>Types the given ``text`` into the text field identified by ``locator``.</doc>
<status status="PASS" start="2025-09-15T14:27:32.916252" elapsed="0.018317"/>
</kw>
<arg>CS KKU</arg>
<status status="PASS" start="2025-09-15T14:27:32.915963" elapsed="0.018718"/>
</kw>
<kw name="Input Email" owner="resource">
<kw name="Input Text" owner="SeleniumLibrary">
<msg time="2025-09-15T14:27:32.935502" level="INFO">Typing text 'somsri@kkumail.com' into text field 'id:email'.</msg>
<arg>id:email</arg>
<arg>${email}</arg>
<doc>Types the given ``text`` into the text field identified by ``locator``.</doc>
<status status="PASS" start="2025-09-15T14:27:32.935321" elapsed="0.023710"/>
</kw>
<arg>somsri@kkumail.com</arg>
<status status="PASS" start="2025-09-15T14:27:32.935026" elapsed="0.024111"/>
</kw>
<kw name="Input Phone Number" owner="resource">
<kw name="Input Text" owner="SeleniumLibrary">
<msg time="2025-09-15T14:27:32.959813" level="INFO">Typing text '1234' into text field 'id:phone'.</msg>
<arg>id:phone</arg>
<arg>${phone}</arg>
<doc>Types the given ``text`` into the text field identified by ``locator``.</doc>
<status status="PASS" start="2025-09-15T14:27:32.959634" elapsed="0.013415"/>
</kw>
<arg>1234</arg>
<status status="PASS" start="2025-09-15T14:27:32.959391" elapsed="0.013763"/>
</kw>
<kw name="Click Register Button" owner="resource">
<kw name="Click Button" owner="SeleniumLibrary">
<msg time="2025-09-15T14:27:32.973804" level="INFO">Clicking button 'id:registerButton'.</msg>
<arg>id:registerButton</arg>
<doc>Clicks the button identified by ``locator``.</doc>
<status status="PASS" start="2025-09-15T14:27:32.973659" elapsed="0.068116"/>
</kw>
<status status="PASS" start="2025-09-15T14:27:32.973438" elapsed="0.068451"/>
</kw>
<kw name="Element Text Should Be" owner="SeleniumLibrary">
<msg time="2025-09-15T14:27:33.042324" level="INFO">Verifying element 'id:errors' contains exact text 'Please enter a valid phone number, e.g., 081-234-5678, 081 234 5678, or 081.234.5678'.</msg>
<msg time="2025-09-15T14:27:33.075007" level="INFO" html="true">&lt;/td&gt;&lt;/tr&gt;&lt;tr&gt;&lt;td colspan="3"&gt;&lt;a href="selenium-screenshot-1.png"&gt;&lt;img src="selenium-screenshot-1.png" width="800px"&gt;&lt;/a&gt;</msg>
<msg time="2025-09-15T14:27:33.075156" level="FAIL">The text of element 'id:errors' should have been 'Please enter a valid phone number, e.g., 081-234-5678, 081 234 5678, or 081.234.5678' but it was 'Please enter a valid phone number!!'.</msg>
<arg>id:errors</arg>
<arg>Please enter a valid phone number, e.g., 081-234-5678, 081 234 5678, or 081.234.5678</arg>
<doc>Verifies that element ``locator`` contains exact the text ``expected``.</doc>
<status status="FAIL" start="2025-09-15T14:27:33.042143" elapsed="0.034514">The text of element 'id:errors' should have been 'Please enter a valid phone number, e.g., 081-234-5678, 081 234 5678, or 081.234.5678' but it was 'Please enter a valid phone number!!'.</status>
</kw>
<kw name="Close Browser" owner="SeleniumLibrary">
<doc>Closes the current browser.</doc>
<status status="NOT RUN" start="2025-09-15T14:27:33.077103" elapsed="0.000065"/>
</kw>
<status status="FAIL" start="2025-09-15T14:27:27.664751" elapsed="5.413009">The text of element 'id:errors' should have been 'Please enter a valid phone number, e.g., 081-234-5678, 081 234 5678, or 081.234.5678' but it was 'Please enter a valid phone number!!'.</status>
</test>
<status status="FAIL" start="2025-09-15T14:26:47.042214" elapsed="46.037445"/>
</suite>
<statistics>
<total>
<stat pass="5" fail="1" skip="0">All Tests</stat>
</total>
<tag>
</tag>
<suite>
<stat name="Logininvalid" id="s1" pass="5" fail="1" skip="0">Logininvalid</stat>
</suite>
</statistics>
<errors>
<msg time="2025-09-15T14:26:47.037964" level="WARN">Error in file 'C:\lab10\test\logininvalid.robot' on line 5: Singular section headers like '*** Test Case ***' are deprecated. Use plural format like '*** Test Cases ***' instead.</msg>
</errors>
</robot>
